<?xml version="1.0" encoding="UTF-8"?>
<!-- Generated by org.testng.reporters.JUnitReportReporter -->
<testsuite hostname="s-Latitude-3490" failures="0" tests="1" name="gallaautomation.gallalogin" time="4.207" errors="0" timestamp="2023-07-25T17:27:55 IST" skipped="0">
  <testcase classname="gallaautomation.gallalogin" name="check_SS" time="4.207"/>
</testsuite> <!-- gallaautomation.gallalogin -->
