<?xml version="1.0" encoding="UTF-8"?>
<!-- Generated by org.testng.reporters.JUnitReportReporter -->
<testsuite hostname="s-Latitude-3490" failures="0" tests="1" name="gallaautomation.Gallmainlogin" time="26.412" errors="0" timestamp="2023-07-25T20:02:12 IST" skipped="0">
  <testcase classname="gallaautomation.Gallmainlogin" name="newtab" time="26.412"/>
</testsuite> <!-- gallaautomation.Gallmainlogin -->
